<?xml version="1.0" encoding="UTF-8"?>
<!-- Generated by org.testng.reporters.JUnitReportReporter -->
<testsuite hostname="DESKTOP-I8UDH2D" failures="0" tests="2" name="RestAssureJava.PuT" time="5.286" errors="0" timestamp="2020-05-22T01:13:11 IST" skipped="1">
  <testcase classname="RestAssureJava.PuT" name="PutMethos" time="5.286"/>
  <testcase classname="RestAssureJava.PuT" name="PutAndDeleteMethods">
    <skipped/>
  </testcase> <!-- PutAndDeleteMethods -->
</testsuite> <!-- RestAssureJava.PuT -->
