<?xml version="1.0" encoding="UTF-8"?>
<!-- Generated by org.testng.reporters.JUnitReportReporter -->
<testsuite hostname="DESKTOP-I8UDH2D" failures="0" tests="1" name="RestAssureJava.putandDelete" time="4.852" errors="0" timestamp="2019-10-31T00:47:55 IST" skipped="0">
  <testcase classname="RestAssureJava.putandDelete" name="PutAndDeleteMethods" time="4.852"/>
</testsuite> <!-- RestAssureJava.putandDelete -->
