<?xml version="1.0" encoding="UTF-8"?>
<!-- Generated by org.testng.reporters.JUnitReportReporter -->
<testsuite hostname="DESKTOP-I8UDH2D" failures="0" tests="1" name="RestAssureJava.JiraPostAttachement" time="5.116" errors="0" timestamp="2020-05-27T00:55:45 IST" skipped="0">
  <testcase classname="RestAssureJava.JiraPostAttachement" name="testPostAttachement" time="5.116"/>
</testsuite> <!-- RestAssureJava.JiraPostAttachement -->
