<?xml version="1.0" encoding="UTF-8"?>
<!-- Generated by org.testng.reporters.JUnitReportReporter -->
<testsuite hostname="DESKTOP-I8UDH2D" failures="0" tests="1" name="JIRAComplete.PutUpdateComment" time="0.031" errors="0" timestamp="2020-05-27T01:03:38 IST" skipped="0">
  <testcase classname="JIRAComplete.PutUpdateComment" name="CreateSession1" time="0.031"/>
</testsuite> <!-- JIRAComplete.PutUpdateComment -->
