<?xml version="1.0" encoding="UTF-8"?>
<!-- Generated by org.testng.reporters.JUnitReportReporter -->
<testsuite hostname="DESKTOP-I8UDH2D" failures="0" tests="2" name="RestAssureJava.RestAssuredPost" time="4.904" errors="0" timestamp="2020-05-21T23:51:05 IST" skipped="1">
  <testcase classname="RestAssureJava.RestAssuredPost" name="otherMethod" time="4.904"/>
  <testcase classname="RestAssureJava.RestAssuredPost" name="i_hit_Post_Request_by_hitting_Body_param_as_and_and_response_message_as">
    <skipped/>
  </testcase> <!-- i_hit_Post_Request_by_hitting_Body_param_as_and_and_response_message_as -->
</testsuite> <!-- RestAssureJava.RestAssuredPost -->
