<?xml version="1.0" encoding="UTF-8"?>
<!-- Generated by org.testng.reporters.JUnitReportReporter -->
<testsuite hostname="DESKTOP-I8UDH2D" failures="0" tests="6" name="JIRAComplete.PostCreateSession" time="6.148" errors="0" timestamp="2020-05-29T00:45:22 IST" skipped="0">
  <testcase classname="JIRAComplete.PostCreateSession" name="ePostAddAttachment" time="0.328"/>
  <testcase classname="JIRAComplete.PostCreateSession" name="ACreateSession" time="4.378"/>
  <testcase classname="JIRAComplete.PostCreateSession" name="dPutUpdateComment" time="0.250"/>
  <testcase classname="JIRAComplete.PostCreateSession" name="CAddComment" time="0.316"/>
  <testcase classname="JIRAComplete.PostCreateSession" name="BCreateIssue" time="0.735"/>
  <testcase classname="JIRAComplete.PostCreateSession" name="fGetFetchIssue" time="0.141"/>
</testsuite> <!-- JIRAComplete.PostCreateSession -->
