<?xml version="1.0" encoding="UTF-8"?>
<!-- Generated by org.testng.reporters.JUnitReportReporter -->
<testsuite hostname="DESKTOP-I8UDH2D" failures="0" tests="1" name="RestAssureJava.RestAssuredGet" time="6.168" errors="0" timestamp="2020-05-21T23:25:57 IST" skipped="0">
  <testcase classname="RestAssureJava.RestAssuredGet" name="getMethod" time="6.168"/>
</testsuite> <!-- RestAssureJava.RestAssuredGet -->
