<?xml version="1.0" encoding="UTF-8"?>
<!-- Generated by org.testng.reporters.JUnitReportReporter -->
<testsuite hostname="DESKTOP-I8UDH2D" failures="0" tests="2" name="RestAssureJava.JiraRestAPI" time="5.621" errors="0" timestamp="2020-05-27T01:52:39 IST" skipped="1">
  <testcase classname="RestAssureJava.JiraRestAPI" name="CreateBug" time="5.621"/>
  <testcase classname="RestAssureJava.JiraRestAPI" name="CreateSession">
    <skipped/>
  </testcase> <!-- CreateSession -->
</testsuite> <!-- RestAssureJava.JiraRestAPI -->
