<?xml version="1.0" encoding="UTF-8"?>
<!-- Generated by org.testng.reporters.JUnitReportReporter -->
<testsuite hostname="DESKTOP-I8UDH2D" failures="0" tests="1" name="RestAssureJava.deleteMethod" time="5.197" errors="0" timestamp="2020-04-28T21:48:22 IST" skipped="0">
  <testcase classname="RestAssureJava.deleteMethod" name="Delete" time="5.197"/>
</testsuite> <!-- RestAssureJava.deleteMethod -->
